Using config file run1/config.xml ... 
1
dc? 1
User parameters in XML config file: 
Bool parameters:: 

Int parameters:: 
random_seed: 0 [dimensionless]
number_of_spheroids: 2 [dimensionless]

Double parameters:: 
first_tumor_radius: 75 [micron]
second_tumor_radius: 75 [micron]
distance_between_centers: 150 [micron]

String parameters:: 


which boundaries?
1 1 1 1 1 1

Microenvironment summary: microenvironment: 

Mesh information: 
type: uniform Cartesian
Domain: [-200,200] micron x [-200,200] micron x [-200,200] micron
   resolution: dx = 20 micron
   voxels: 8000
   voxel faces: 0
   volume: 6.4e+07 cubic micron
Densities: (1 total)
   oxygen:
     units: mmHg
     diffusion coefficient: 0 micron^2 / min
     decay rate: 0 min^-1
     diffusion length scale: 0 micron
     initial condition: 0 mmHg
     boundary condition: 0 mmHg (enabled: true)

virtual_wall_at_domain_edge: enabled
Processing default ... 
-1 * grad( oxygen )
Processing second ... 
	Inheriting from type default ... 
copying data ... 
default to second
-1 * grad( oxygen )
0 :: type:0 name: default
	 cycle model: Live (code=5)
		Phase 0: Live
		Cycle transitions: 
		-----------------
		Live --> Live w mean duration inf min
	 death models: 
		0 : Apoptosis (code=100) with rate 0 1/min
		death phase transitions: 
		------------------------
		Apoptotic --> Debris w mean duration 516 min
		1 : Necrosis (code=101) with rate 0 1/min
		death phase transitions: 
		------------------------
		Necrotic (swelling) --> Necrotic (lysed) w mean duration 1e-16 min
		Necrotic (lysed) --> Debris w mean duration 86400 min
	 key functions: 
		 migration bias rule: false
		 custom rule: true
		 phenotype rule: true
		 volume update function: true
		 mechanics function: true
		 contact function: true
	motility (enabled: true in 3D)
		speed: 0.6 micron/min
		bias: 0.5 
		persistence time: 1 min
		chemotaxis (enabled: false)
			along -1 * grad(oxygen) 
	custom data: 
	custom vector data: 
			NOTE: custom vector data will eventually be merged with custom data
1 :: type:1 name: second
	 cycle model: Live (code=5)
		Phase 0: Live
		Cycle transitions: 
		-----------------
		Live --> Live w mean duration inf min
	 death models: 
		0 : Apoptosis (code=100) with rate 0 1/min
		death phase transitions: 
		------------------------
		Apoptotic --> Debris w mean duration 516 min
		1 : Necrosis (code=101) with rate 0 1/min
		death phase transitions: 
		------------------------
		Necrotic (swelling) --> Necrotic (lysed) w mean duration 1e-16 min
		Necrotic (lysed) --> Debris w mean duration 86400 min
	 key functions: 
		 migration bias rule: false
		 custom rule: false
		 phenotype rule: false
		 volume update function: true
		 mechanics function: true
		 contact function: false
	motility (enabled: true in 3D)
		speed: 0.3 micron/min
		bias: 0.5 
		persistence time: 1 min
		chemotaxis (enabled: false)
			along -1 * grad(oxygen) 
	custom data: 
	custom vector data: 
			NOTE: custom vector data will eventually be merged with custom data
distance between two spheroids is 150
position of centers1 : -75 0 0
creating 489 closely-packed tumor cells in tissue 1... 
# of cell definitions 2
use second type of cell for the second spheroid
position of centers2 : 75 0 0
creating 489 closely-packed tumor cells in tissue 2... 
Using PhysiCell version 1.9.1
	Please cite DOI: 10.1371/journal.pcbi.1005991
	Project website: http://PhysiCell.MathCancer.org

See ALL_CITATIONS.txt for this list.
current simulated time: 0 min (max: 3600 min)
total agents: 978
interval wall time: 0 days, 0 hours, 0 minutes, and 3.7e-05 seconds 
total wall time: 0 days, 0 hours, 0 minutes, and 5.3e-05 seconds 


Using method diffusion_decay_solver__constant_coefficients_LOD_3D (implicit 3-D LOD with Thomas Algorithm) ... 

current simulated time: 60 min (max: 3600 min)
total agents: 978
interval wall time: 0 days, 0 hours, 0 minutes, and 4.44129 seconds 
total wall time: 0 days, 0 hours, 0 minutes, and 4.44135 seconds 

current simulated time: 120 min (max: 3600 min)
total agents: 978
interval wall time: 0 days, 0 hours, 0 minutes, and 4.45014 seconds 
total wall time: 0 days, 0 hours, 0 minutes, and 8.8915 seconds 

current simulated time: 180 min (max: 3600 min)
total agents: 978
interval wall time: 0 days, 0 hours, 0 minutes, and 4.09216 seconds 
total wall time: 0 days, 0 hours, 0 minutes, and 12.9837 seconds 

current simulated time: 240 min (max: 3600 min)
total agents: 978
interval wall time: 0 days, 0 hours, 0 minutes, and 4.04694 seconds 
total wall time: 0 days, 0 hours, 0 minutes, and 17.0306 seconds 

current simulated time: 300 min (max: 3600 min)
total agents: 978
interval wall time: 0 days, 0 hours, 0 minutes, and 5.42925 seconds 
total wall time: 0 days, 0 hours, 0 minutes, and 22.4599 seconds 

current simulated time: 360 min (max: 3600 min)
total agents: 978
interval wall time: 0 days, 0 hours, 0 minutes, and 4.10106 seconds 
total wall time: 0 days, 0 hours, 0 minutes, and 26.561 seconds 

current simulated time: 420 min (max: 3600 min)
total agents: 978
interval wall time: 0 days, 0 hours, 0 minutes, and 4.26496 seconds 
total wall time: 0 days, 0 hours, 0 minutes, and 30.8259 seconds 

current simulated time: 480 min (max: 3600 min)
total agents: 978
interval wall time: 0 days, 0 hours, 0 minutes, and 7.75615 seconds 
total wall time: 0 days, 0 hours, 0 minutes, and 38.5821 seconds 

current simulated time: 540 min (max: 3600 min)
total agents: 978
interval wall time: 0 days, 0 hours, 0 minutes, and 9.82532 seconds 
total wall time: 0 days, 0 hours, 0 minutes, and 48.4074 seconds 

current simulated time: 600 min (max: 3600 min)
total agents: 978
interval wall time: 0 days, 0 hours, 0 minutes, and 6.97358 seconds 
total wall time: 0 days, 0 hours, 0 minutes, and 55.381 seconds 

current simulated time: 660 min (max: 3600 min)
total agents: 978
interval wall time: 0 days, 0 hours, 0 minutes, and 7.39985 seconds 
total wall time: 0 days, 0 hours, 1 minutes, and 2.78088 seconds 

current simulated time: 720 min (max: 3600 min)
total agents: 978
interval wall time: 0 days, 0 hours, 0 minutes, and 7.28822 seconds 
total wall time: 0 days, 0 hours, 1 minutes, and 10.0691 seconds 

current simulated time: 780 min (max: 3600 min)
total agents: 978
interval wall time: 0 days, 0 hours, 0 minutes, and 5.80622 seconds 
total wall time: 0 days, 0 hours, 1 minutes, and 15.8754 seconds 

current simulated time: 840 min (max: 3600 min)
total agents: 978
interval wall time: 0 days, 0 hours, 0 minutes, and 5.8375 seconds 
total wall time: 0 days, 0 hours, 1 minutes, and 21.7129 seconds 

current simulated time: 900 min (max: 3600 min)
total agents: 978
interval wall time: 0 days, 0 hours, 0 minutes, and 6.24033 seconds 
total wall time: 0 days, 0 hours, 1 minutes, and 27.9532 seconds 

current simulated time: 960 min (max: 3600 min)
total agents: 978
interval wall time: 0 days, 0 hours, 0 minutes, and 5.07707 seconds 
total wall time: 0 days, 0 hours, 1 minutes, and 33.0303 seconds 

current simulated time: 1020 min (max: 3600 min)
total agents: 978
interval wall time: 0 days, 0 hours, 0 minutes, and 6.25242 seconds 
total wall time: 0 days, 0 hours, 1 minutes, and 39.2827 seconds 

current simulated time: 1080 min (max: 3600 min)
total agents: 978
interval wall time: 0 days, 0 hours, 0 minutes, and 6.02803 seconds 
total wall time: 0 days, 0 hours, 1 minutes, and 45.3108 seconds 

current simulated time: 1140 min (max: 3600 min)
total agents: 978
interval wall time: 0 days, 0 hours, 0 minutes, and 4.84155 seconds 
total wall time: 0 days, 0 hours, 1 minutes, and 50.1523 seconds 

current simulated time: 1200 min (max: 3600 min)
total agents: 978
interval wall time: 0 days, 0 hours, 0 minutes, and 4.83399 seconds 
total wall time: 0 days, 0 hours, 1 minutes, and 54.9863 seconds 

current simulated time: 1260 min (max: 3600 min)
total agents: 978
interval wall time: 0 days, 0 hours, 0 minutes, and 6.61928 seconds 
total wall time: 0 days, 0 hours, 2 minutes, and 1.60562 seconds 

current simulated time: 1320 min (max: 3600 min)
total agents: 978
interval wall time: 0 days, 0 hours, 0 minutes, and 6.37944 seconds 
total wall time: 0 days, 0 hours, 2 minutes, and 7.98507 seconds 

current simulated time: 1380 min (max: 3600 min)
total agents: 978
interval wall time: 0 days, 0 hours, 0 minutes, and 10.5461 seconds 
total wall time: 0 days, 0 hours, 2 minutes, and 18.5312 seconds 

current simulated time: 1440 min (max: 3600 min)
total agents: 978
interval wall time: 0 days, 0 hours, 0 minutes, and 7.01346 seconds 
total wall time: 0 days, 0 hours, 2 minutes, and 25.5446 seconds 

current simulated time: 1500 min (max: 3600 min)
total agents: 978
interval wall time: 0 days, 0 hours, 0 minutes, and 5.8426 seconds 
total wall time: 0 days, 0 hours, 2 minutes, and 31.3872 seconds 

current simulated time: 1560 min (max: 3600 min)
total agents: 978
interval wall time: 0 days, 0 hours, 0 minutes, and 5.66643 seconds 
total wall time: 0 days, 0 hours, 2 minutes, and 37.0537 seconds 

current simulated time: 1620 min (max: 3600 min)
total agents: 978
interval wall time: 0 days, 0 hours, 0 minutes, and 5.5022 seconds 
total wall time: 0 days, 0 hours, 2 minutes, and 42.5559 seconds 

current simulated time: 1680 min (max: 3600 min)
total agents: 978
interval wall time: 0 days, 0 hours, 0 minutes, and 5.14002 seconds 
total wall time: 0 days, 0 hours, 2 minutes, and 47.6959 seconds 

current simulated time: 1740 min (max: 3600 min)
total agents: 978
interval wall time: 0 days, 0 hours, 0 minutes, and 5.23716 seconds 
total wall time: 0 days, 0 hours, 2 minutes, and 52.9331 seconds 

current simulated time: 1800 min (max: 3600 min)
total agents: 978
interval wall time: 0 days, 0 hours, 0 minutes, and 4.82517 seconds 
total wall time: 0 days, 0 hours, 2 minutes, and 57.7583 seconds 

current simulated time: 1860 min (max: 3600 min)
total agents: 978
interval wall time: 0 days, 0 hours, 0 minutes, and 5.21648 seconds 
total wall time: 0 days, 0 hours, 3 minutes, and 2.9748 seconds 

current simulated time: 1920 min (max: 3600 min)
total agents: 978
interval wall time: 0 days, 0 hours, 0 minutes, and 5.0892 seconds 
total wall time: 0 days, 0 hours, 3 minutes, and 8.06401 seconds 

current simulated time: 1980 min (max: 3600 min)
total agents: 978
interval wall time: 0 days, 0 hours, 0 minutes, and 5.06955 seconds 
total wall time: 0 days, 0 hours, 3 minutes, and 13.1336 seconds 

current simulated time: 2040 min (max: 3600 min)
total agents: 978
interval wall time: 0 days, 0 hours, 0 minutes, and 4.77347 seconds 
total wall time: 0 days, 0 hours, 3 minutes, and 17.9071 seconds 

current simulated time: 2100 min (max: 3600 min)
total agents: 978
interval wall time: 0 days, 0 hours, 0 minutes, and 5.20106 seconds 
total wall time: 0 days, 0 hours, 3 minutes, and 23.1081 seconds 

current simulated time: 2160 min (max: 3600 min)
total agents: 978
interval wall time: 0 days, 0 hours, 0 minutes, and 4.18997 seconds 
total wall time: 0 days, 0 hours, 3 minutes, and 27.2981 seconds 

current simulated time: 2220 min (max: 3600 min)
total agents: 978
interval wall time: 0 days, 0 hours, 0 minutes, and 5.44873 seconds 
total wall time: 0 days, 0 hours, 3 minutes, and 32.7469 seconds 

current simulated time: 2280 min (max: 3600 min)
total agents: 978
interval wall time: 0 days, 0 hours, 0 minutes, and 5.24359 seconds 
total wall time: 0 days, 0 hours, 3 minutes, and 37.9905 seconds 

current simulated time: 2340 min (max: 3600 min)
total agents: 978
interval wall time: 0 days, 0 hours, 0 minutes, and 4.68404 seconds 
total wall time: 0 days, 0 hours, 3 minutes, and 42.6745 seconds 

current simulated time: 2400 min (max: 3600 min)
total agents: 978
interval wall time: 0 days, 0 hours, 0 minutes, and 4.28405 seconds 
total wall time: 0 days, 0 hours, 3 minutes, and 46.9586 seconds 

current simulated time: 2460 min (max: 3600 min)
total agents: 978
interval wall time: 0 days, 0 hours, 0 minutes, and 4.45652 seconds 
total wall time: 0 days, 0 hours, 3 minutes, and 51.4151 seconds 

current simulated time: 2520 min (max: 3600 min)
total agents: 978
interval wall time: 0 days, 0 hours, 0 minutes, and 4.74141 seconds 
total wall time: 0 days, 0 hours, 3 minutes, and 56.1565 seconds 

current simulated time: 2580 min (max: 3600 min)
total agents: 978
interval wall time: 0 days, 0 hours, 0 minutes, and 5.18514 seconds 
total wall time: 0 days, 0 hours, 4 minutes, and 1.34168 seconds 

current simulated time: 2640 min (max: 3600 min)
total agents: 978
interval wall time: 0 days, 0 hours, 0 minutes, and 4.85954 seconds 
total wall time: 0 days, 0 hours, 4 minutes, and 6.20124 seconds 

current simulated time: 2700 min (max: 3600 min)
total agents: 978
interval wall time: 0 days, 0 hours, 0 minutes, and 4.68373 seconds 
total wall time: 0 days, 0 hours, 4 minutes, and 10.885 seconds 

current simulated time: 2760 min (max: 3600 min)
total agents: 978
interval wall time: 0 days, 0 hours, 0 minutes, and 4.55111 seconds 
total wall time: 0 days, 0 hours, 4 minutes, and 15.4361 seconds 

current simulated time: 2820 min (max: 3600 min)
total agents: 978
interval wall time: 0 days, 0 hours, 0 minutes, and 4.64976 seconds 
total wall time: 0 days, 0 hours, 4 minutes, and 20.0859 seconds 

current simulated time: 2880 min (max: 3600 min)
total agents: 978
interval wall time: 0 days, 0 hours, 0 minutes, and 4.88418 seconds 
total wall time: 0 days, 0 hours, 4 minutes, and 24.9701 seconds 

current simulated time: 2940 min (max: 3600 min)
total agents: 978
interval wall time: 0 days, 0 hours, 0 minutes, and 4.23671 seconds 
total wall time: 0 days, 0 hours, 4 minutes, and 29.2068 seconds 

current simulated time: 3000 min (max: 3600 min)
total agents: 978
interval wall time: 0 days, 0 hours, 0 minutes, and 4.33282 seconds 
total wall time: 0 days, 0 hours, 4 minutes, and 33.5396 seconds 

current simulated time: 3060 min (max: 3600 min)
total agents: 978
interval wall time: 0 days, 0 hours, 0 minutes, and 4.39631 seconds 
total wall time: 0 days, 0 hours, 4 minutes, and 37.9359 seconds 

current simulated time: 3120 min (max: 3600 min)
total agents: 978
interval wall time: 0 days, 0 hours, 0 minutes, and 4.18955 seconds 
total wall time: 0 days, 0 hours, 4 minutes, and 42.1255 seconds 

current simulated time: 3180 min (max: 3600 min)
total agents: 978
interval wall time: 0 days, 0 hours, 0 minutes, and 4.44053 seconds 
total wall time: 0 days, 0 hours, 4 minutes, and 46.566 seconds 

current simulated time: 3240 min (max: 3600 min)
total agents: 978
interval wall time: 0 days, 0 hours, 0 minutes, and 4.30067 seconds 
total wall time: 0 days, 0 hours, 4 minutes, and 50.8667 seconds 

current simulated time: 3300 min (max: 3600 min)
total agents: 978
interval wall time: 0 days, 0 hours, 0 minutes, and 4.27973 seconds 
total wall time: 0 days, 0 hours, 4 minutes, and 55.1464 seconds 

current simulated time: 3360 min (max: 3600 min)
total agents: 978
interval wall time: 0 days, 0 hours, 0 minutes, and 4.43881 seconds 
total wall time: 0 days, 0 hours, 4 minutes, and 59.5853 seconds 

current simulated time: 3420 min (max: 3600 min)
total agents: 978
interval wall time: 0 days, 0 hours, 0 minutes, and 4.19533 seconds 
total wall time: 0 days, 0 hours, 5 minutes, and 3.7806 seconds 

current simulated time: 3480 min (max: 3600 min)
total agents: 978
interval wall time: 0 days, 0 hours, 0 minutes, and 4.41422 seconds 
total wall time: 0 days, 0 hours, 5 minutes, and 8.19483 seconds 

current simulated time: 3540 min (max: 3600 min)
total agents: 978
interval wall time: 0 days, 0 hours, 0 minutes, and 4.30753 seconds 
total wall time: 0 days, 0 hours, 5 minutes, and 12.5024 seconds 

current simulated time: 3600 min (max: 3600 min)
total agents: 978
interval wall time: 0 days, 0 hours, 0 minutes, and 4.26344 seconds 
total wall time: 0 days, 0 hours, 5 minutes, and 16.7658 seconds 


Total simulation runtime: 
0 days, 0 hours, 5 minutes, and 16.8516 seconds 